{"C:\\Users\\sadek\\Desktop\\dosier openclassroom\\concepteur\\p14\\HRnet\\src\\store.ts": {"path":"C:\\Users\\sadek\\Desktop\\dosier openclassroom\\concepteur\\p14\\HRnet\\src\\store.ts","statementMap":{"0":{"start":{"line":1,"column":0},"end":{"line":1,"column":50}},"1":{"start":{"line":2,"column":0},"end":{"line":2,"column":61}},"2":{"start":{"line":3,"column":0},"end":{"line":3,"column":48}},"3":{"start":{"line":4,"column":0},"end":{"line":4,"column":61}},"4":{"start":{"line":5,"column":0},"end":{"line":5,"column":36}},"5":{"start":{"line":7,"column":22},"end":{"line":10,"column":2}},"6":{"start":{"line":12,"column":25},"end":{"line":12,"column":66}},"7":{"start":{"line":14,"column":13},"end":{"line":24,"column":3}},"8":{"start":{"line":19,"column":4},"end":{"line":23,"column":20}},"9":{"start":{"line":25,"column":13},"end":{"line":25,"column":45}}},"fnMap":{"0":{"name":"(anonymous_0)","decl":{"start":{"line":18,"column":14},"end":{"line":18,"column":15}},"loc":{"start":{"line":19,"column":4},"end":{"line":23,"column":20}}}},"branchMap":{},"s":{"0":1,"1":1,"2":1,"3":1,"4":1,"5":1,"6":1,"7":1,"8":1,"9":1},"f":{"0":1},"b":{}}
,"C:\\Users\\sadek\\Desktop\\dosier openclassroom\\concepteur\\p14\\HRnet\\src\\components\\button\\index.tsx": {"path":"C:\\Users\\sadek\\Desktop\\dosier openclassroom\\concepteur\\p14\\HRnet\\src\\components\\button\\index.tsx","statementMap":{"0":{"start":{"line":1,"column":0},"end":{"line":1,"column":21}},"1":{"start":{"line":8,"column":2},"end":{"line":12,"column":4}},"2":{"start":{"line":14,"column":0},"end":{"line":14,"column":22}}},"fnMap":{"0":{"name":"Button","decl":{"start":{"line":7,"column":9},"end":{"line":7,"column":15}},"loc":{"start":{"line":7,"column":47},"end":{"line":13,"column":1}}}},"branchMap":{},"s":{"0":1,"1":0,"2":1},"f":{"0":0},"b":{}}
,"C:\\Users\\sadek\\Desktop\\dosier openclassroom\\concepteur\\p14\\HRnet\\src\\components\\datePickerComponent\\index.tsx": {"path":"C:\\Users\\sadek\\Desktop\\dosier openclassroom\\concepteur\\p14\\HRnet\\src\\components\\datePickerComponent\\index.tsx","statementMap":{"0":{"start":{"line":1,"column":0},"end":{"line":1,"column":42}},"1":{"start":{"line":2,"column":0},"end":{"line":2,"column":52}},"2":{"start":{"line":26,"column":2},"end":{"line":42,"column":4}},"3":{"start":{"line":44,"column":0},"end":{"line":44,"column":35}}},"fnMap":{"0":{"name":"DatePickerComponent","decl":{"start":{"line":15,"column":9},"end":{"line":15,"column":28}},"loc":{"start":{"line":25,"column":22},"end":{"line":43,"column":1}}}},"branchMap":{},"s":{"0":1,"1":1,"2":0,"3":1},"f":{"0":0},"b":{}}
,"C:\\Users\\sadek\\Desktop\\dosier openclassroom\\concepteur\\p14\\HRnet\\src\\components\\displayMessage\\index.tsx": {"path":"C:\\Users\\sadek\\Desktop\\dosier openclassroom\\concepteur\\p14\\HRnet\\src\\components\\displayMessage\\index.tsx","statementMap":{"0":{"start":{"line":11,"column":0},"end":{"line":11,"column":35}},"1":{"start":{"line":12,"column":0},"end":{"line":12,"column":38}},"2":{"start":{"line":13,"column":23},"end":{"line":22,"column":1}},"3":{"start":{"line":14,"column":2},"end":{"line":21,"column":17}},"4":{"start":{"line":23,"column":0},"end":{"line":23,"column":30}}},"fnMap":{"0":{"name":"(anonymous_0)","decl":{"start":{"line":13,"column":23},"end":{"line":13,"column":24}},"loc":{"start":{"line":13,"column":60},"end":{"line":22,"column":1}}}},"branchMap":{},"s":{"0":1,"1":1,"2":1,"3":0,"4":1},"f":{"0":0},"b":{}}
,"C:\\Users\\sadek\\Desktop\\dosier openclassroom\\concepteur\\p14\\HRnet\\src\\components\\header\\index.tsx": {"path":"C:\\Users\\sadek\\Desktop\\dosier openclassroom\\concepteur\\p14\\HRnet\\src\\components\\header\\index.tsx","statementMap":{"0":{"start":{"line":1,"column":0},"end":{"line":1,"column":21}},"1":{"start":{"line":6,"column":2},"end":{"line":6,"column":50}},"2":{"start":{"line":8,"column":0},"end":{"line":8,"column":22}}},"fnMap":{"0":{"name":"Header","decl":{"start":{"line":5,"column":9},"end":{"line":5,"column":15}},"loc":{"start":{"line":5,"column":38},"end":{"line":7,"column":1}}}},"branchMap":{},"s":{"0":1,"1":2,"2":1},"f":{"0":2},"b":{}}
,"C:\\Users\\sadek\\Desktop\\dosier openclassroom\\concepteur\\p14\\HRnet\\src\\components\\labeledInput\\index.tsx": {"path":"C:\\Users\\sadek\\Desktop\\dosier openclassroom\\concepteur\\p14\\HRnet\\src\\components\\labeledInput\\index.tsx","statementMap":{"0":{"start":{"line":1,"column":0},"end":{"line":1,"column":21}},"1":{"start":{"line":9,"column":2},"end":{"line":21,"column":4}},"2":{"start":{"line":23,"column":0},"end":{"line":23,"column":28}}},"fnMap":{"0":{"name":"LabeledInput","decl":{"start":{"line":8,"column":9},"end":{"line":8,"column":21}},"loc":{"start":{"line":8,"column":74},"end":{"line":22,"column":1}}}},"branchMap":{},"s":{"0":1,"1":0,"2":1},"f":{"0":0},"b":{}}
,"C:\\Users\\sadek\\Desktop\\dosier openclassroom\\concepteur\\p14\\HRnet\\src\\components\\labeledSelect\\index.tsx": {"path":"C:\\Users\\sadek\\Desktop\\dosier openclassroom\\concepteur\\p14\\HRnet\\src\\components\\labeledSelect\\index.tsx","statementMap":{"0":{"start":{"line":1,"column":0},"end":{"line":1,"column":34}},"1":{"start":{"line":2,"column":0},"end":{"line":2,"column":21}},"2":{"start":{"line":25,"column":2},"end":{"line":39,"column":4}},"3":{"start":{"line":41,"column":0},"end":{"line":41,"column":29}}},"fnMap":{"0":{"name":"LabeledSelect","decl":{"start":{"line":16,"column":9},"end":{"line":16,"column":22}},"loc":{"start":{"line":24,"column":21},"end":{"line":40,"column":1}}}},"branchMap":{},"s":{"0":1,"1":1,"2":0,"3":1},"f":{"0":0},"b":{}}
,"C:\\Users\\sadek\\Desktop\\dosier openclassroom\\concepteur\\p14\\HRnet\\src\\components\\link\\index.tsx": {"path":"C:\\Users\\sadek\\Desktop\\dosier openclassroom\\concepteur\\p14\\HRnet\\src\\components\\link\\index.tsx","statementMap":{"0":{"start":{"line":8,"column":0},"end":{"line":8,"column":40}},"1":{"start":{"line":9,"column":0},"end":{"line":9,"column":21}},"2":{"start":{"line":15,"column":22},"end":{"line":21,"column":1}},"3":{"start":{"line":16,"column":2},"end":{"line":20,"column":4}},"4":{"start":{"line":23,"column":0},"end":{"line":23,"column":29}}},"fnMap":{"0":{"name":"(anonymous_0)","decl":{"start":{"line":15,"column":22},"end":{"line":15,"column":23}},"loc":{"start":{"line":15,"column":57},"end":{"line":21,"column":1}}}},"branchMap":{},"s":{"0":1,"1":1,"2":1,"3":2,"4":1},"f":{"0":2},"b":{}}
,"C:\\Users\\sadek\\Desktop\\dosier openclassroom\\concepteur\\p14\\HRnet\\src\\containers\\form\\index.tsx": {"path":"C:\\Users\\sadek\\Desktop\\dosier openclassroom\\concepteur\\p14\\HRnet\\src\\containers\\form\\index.tsx","statementMap":{"0":{"start":{"line":1,"column":0},"end":{"line":1,"column":57}},"1":{"start":{"line":2,"column":0},"end":{"line":2,"column":71}},"2":{"start":{"line":3,"column":0},"end":{"line":3,"column":42}},"3":{"start":{"line":4,"column":0},"end":{"line":4,"column":75}},"4":{"start":{"line":5,"column":0},"end":{"line":5,"column":21}},"5":{"start":{"line":6,"column":0},"end":{"line":6,"column":51}},"6":{"start":{"line":7,"column":0},"end":{"line":7,"column":41}},"7":{"start":{"line":8,"column":0},"end":{"line":8,"column":44}},"8":{"start":{"line":9,"column":0},"end":{"line":9,"column":59}},"9":{"start":{"line":10,"column":0},"end":{"line":10,"column":67}},"10":{"start":{"line":11,"column":0},"end":{"line":11,"column":58}},"11":{"start":{"line":12,"column":0},"end":{"line":12,"column":61}},"12":{"start":{"line":34,"column":19},"end":{"line":34,"column":32}},"13":{"start":{"line":35,"column":15},"end":{"line":35,"column":47}},"14":{"start":{"line":36,"column":40},"end":{"line":36,"column":55}},"15":{"start":{"line":37,"column":40},"end":{"line":37,"column":67}},"16":{"start":{"line":38,"column":36},"end":{"line":38,"column":63}},"17":{"start":{"line":40,"column":68},"end":{"line":43,"column":17}},"18":{"start":{"line":44,"column":56},"end":{"line":47,"column":17}},"19":{"start":{"line":49,"column":18},"end":{"line":49,"column":28}},"20":{"start":{"line":50,"column":2},"end":{"line":50,"column":50}},"21":{"start":{"line":52,"column":18},"end":{"line":52,"column":28}},"22":{"start":{"line":53,"column":2},"end":{"line":53,"column":50}},"23":{"start":{"line":55,"column":23},"end":{"line":55,"column":33}},"24":{"start":{"line":56,"column":2},"end":{"line":56,"column":47}},"25":{"start":{"line":61,"column":29},"end":{"line":64,"column":5}},"26":{"start":{"line":61,"column":67},"end":{"line":64,"column":4}},"27":{"start":{"line":68,"column":23},"end":{"line":71,"column":5}},"28":{"start":{"line":68,"column":56},"end":{"line":71,"column":4}},"29":{"start":{"line":74,"column":26},"end":{"line":84,"column":3}},"30":{"start":{"line":75,"column":25},"end":{"line":75,"column":null}},"31":{"start":{"line":79,"column":4},"end":{"line":83,"column":5}},"32":{"start":{"line":80,"column":6},"end":{"line":80,"column":44}},"33":{"start":{"line":82,"column":6},"end":{"line":82,"column":48}},"34":{"start":{"line":85,"column":24},"end":{"line":95,"column":3}},"35":{"start":{"line":86,"column":4},"end":{"line":86,"column":33}},"36":{"start":{"line":87,"column":4},"end":{"line":87,"column":32}},"37":{"start":{"line":88,"column":4},"end":{"line":88,"column":30}},"38":{"start":{"line":89,"column":4},"end":{"line":89,"column":28}},"39":{"start":{"line":90,"column":4},"end":{"line":90,"column":31}},"40":{"start":{"line":91,"column":4},"end":{"line":91,"column":33}},"41":{"start":{"line":92,"column":4},"end":{"line":92,"column":35}},"42":{"start":{"line":93,"column":4},"end":{"line":93,"column":29}},"43":{"start":{"line":94,"column":4},"end":{"line":94,"column":34}},"44":{"start":{"line":97,"column":22},"end":{"line":149,"column":3}},"45":{"start":{"line":98,"column":4},"end":{"line":98,"column":23}},"46":{"start":{"line":99,"column":25},"end":{"line":99,"column":27}},"47":{"start":{"line":100,"column":27},"end":{"line":100,"column":66}},"48":{"start":{"line":101,"column":26},"end":{"line":101,"column":63}},"49":{"start":{"line":102,"column":24},"end":{"line":102,"column":59}},"50":{"start":{"line":103,"column":22},"end":{"line":103,"column":55}},"51":{"start":{"line":104,"column":23},"end":{"line":104,"column":50}},"52":{"start":{"line":105,"column":28},"end":{"line":105,"column":60}},"53":{"start":{"line":106,"column":25},"end":{"line":106,"column":60}},"54":{"start":{"line":111,"column":4},"end":{"line":148,"column":5}},"55":{"start":{"line":112,"column":6},"end":{"line":112,"column":36}},"56":{"start":{"line":114,"column":27},"end":{"line":124,"column":8}},"57":{"start":{"line":129,"column":6},"end":{"line":129,"column":39}},"58":{"start":{"line":130,"column":6},"end":{"line":130,"column":51}},"59":{"start":{"line":131,"column":6},"end":{"line":131,"column":22}},"60":{"start":{"line":133,"column":6},"end":{"line":133,"column":47}},"61":{"start":{"line":135,"column":6},"end":{"line":135,"column":27}},"62":{"start":{"line":137,"column":6},"end":{"line":137,"column":38}},"63":{"start":{"line":139,"column":6},"end":{"line":139,"column":22}},"64":{"start":{"line":143,"column":6},"end":{"line":146,"column":8}},"65":{"start":{"line":147,"column":6},"end":{"line":147,"column":37}},"66":{"start":{"line":154,"column":21},"end":{"line":169,"column":3}},"67":{"start":{"line":155,"column":4},"end":{"line":155,"column":26}},"68":{"start":{"line":157,"column":4},"end":{"line":168,"column":5}},"69":{"start":{"line":158,"column":6},"end":{"line":158,"column":40}},"70":{"start":{"line":159,"column":6},"end":{"line":159,"column":39}},"71":{"start":{"line":160,"column":6},"end":{"line":160,"column":27}},"72":{"start":{"line":161,"column":6},"end":{"line":161,"column":25}},"73":{"start":{"line":162,"column":6},"end":{"line":162,"column":41}},"74":{"start":{"line":163,"column":6},"end":{"line":163,"column":35}},"75":{"start":{"line":164,"column":6},"end":{"line":164,"column":42}},"76":{"start":{"line":165,"column":6},"end":{"line":165,"column":37}},"77":{"start":{"line":166,"column":6},"end":{"line":166,"column":35}},"78":{"start":{"line":167,"column":6},"end":{"line":167,"column":38}},"79":{"start":{"line":171,"column":2},"end":{"line":264,"column":4}},"80":{"start":{"line":195,"column":32},"end":{"line":195,"column":52}},"81":{"start":{"line":206,"column":32},"end":{"line":206,"column":50}},"82":{"start":{"line":267,"column":0},"end":{"line":267,"column":20}}},"fnMap":{"0":{"name":"Form","decl":{"start":{"line":33,"column":9},"end":{"line":33,"column":13}},"loc":{"start":{"line":33,"column":13},"end":{"line":265,"column":1}}},"1":{"name":"(anonymous_1)","decl":{"start":{"line":61,"column":48},"end":{"line":61,"column":49}},"loc":{"start":{"line":61,"column":67},"end":{"line":64,"column":4}}},"2":{"name":"(anonymous_2)","decl":{"start":{"line":68,"column":37},"end":{"line":68,"column":38}},"loc":{"start":{"line":68,"column":56},"end":{"line":71,"column":4}}},"3":{"name":"(anonymous_3)","decl":{"start":{"line":74,"column":26},"end":{"line":74,"column":27}},"loc":{"start":{"line":74,"column":48},"end":{"line":84,"column":3}}},"4":{"name":"(anonymous_4)","decl":{"start":{"line":85,"column":24},"end":{"line":85,"column":27}},"loc":{"start":{"line":85,"column":29},"end":{"line":95,"column":3}}},"5":{"name":"(anonymous_5)","decl":{"start":{"line":97,"column":22},"end":{"line":97,"column":23}},"loc":{"start":{"line":97,"column":65},"end":{"line":149,"column":3}}},"6":{"name":"(anonymous_6)","decl":{"start":{"line":154,"column":21},"end":{"line":154,"column":24}},"loc":{"start":{"line":154,"column":26},"end":{"line":169,"column":3}}},"7":{"name":"(anonymous_7)","decl":{"start":{"line":195,"column":22},"end":{"line":195,"column":23}},"loc":{"start":{"line":195,"column":32},"end":{"line":195,"column":52}}},"8":{"name":"(anonymous_8)","decl":{"start":{"line":206,"column":22},"end":{"line":206,"column":23}},"loc":{"start":{"line":206,"column":32},"end":{"line":206,"column":50}}}},"branchMap":{"0":{"loc":{"start":{"line":79,"column":4},"end":{"line":83,"column":5}},"type":"if","locations":[{"start":{"line":79,"column":4},"end":{"line":83,"column":5}},{"start":{"line":81,"column":11},"end":{"line":83,"column":5}}]},"1":{"loc":{"start":{"line":79,"column":8},"end":{"line":79,"column":43}},"type":"binary-expr","locations":[{"start":{"line":79,"column":8},"end":{"line":79,"column":20}},{"start":{"line":79,"column":24},"end":{"line":79,"column":43}}]},"2":{"loc":{"start":{"line":111,"column":4},"end":{"line":148,"column":5}},"type":"if","locations":[{"start":{"line":111,"column":4},"end":{"line":148,"column":5}},{"start":{"line":136,"column":11},"end":{"line":148,"column":5}}]},"3":{"loc":{"start":{"line":157,"column":4},"end":{"line":168,"column":5}},"type":"if","locations":[{"start":{"line":157,"column":4},"end":{"line":168,"column":5}}]},"4":{"loc":{"start":{"line":252,"column":7},"end":{"line":261,"column":null}},"type":"cond-expr","locations":[{"start":{"line":253,"column":8},"end":{"line":258,"column":null}},{"start":{"line":261,"column":8},"end":{"line":261,"column":10}}]}},"s":{"0":1,"1":1,"2":1,"3":1,"4":1,"5":1,"6":1,"7":1,"8":1,"9":1,"10":1,"11":1,"12":5,"13":4,"14":4,"15":4,"16":4,"17":4,"18":4,"19":4,"20":4,"21":4,"22":4,"23":4,"24":4,"25":4,"26":0,"27":0,"28":0,"29":0,"30":0,"31":0,"32":0,"33":0,"34":0,"35":0,"36":0,"37":0,"38":0,"39":0,"40":0,"41":0,"42":0,"43":0,"44":0,"45":0,"46":0,"47":0,"48":0,"49":0,"50":0,"51":0,"52":0,"53":0,"54":0,"55":0,"56":0,"57":0,"58":0,"59":0,"60":0,"61":0,"62":0,"63":0,"64":0,"65":0,"66":0,"67":0,"68":0,"69":0,"70":0,"71":0,"72":0,"73":0,"74":0,"75":0,"76":0,"77":0,"78":0,"79":0,"80":0,"81":0,"82":1},"f":{"0":5,"1":0,"2":0,"3":0,"4":0,"5":0,"6":0,"7":0,"8":0},"b":{"0":[0,0],"1":[0,0],"2":[0,0],"3":[0],"4":[0,0]}}
,"C:\\Users\\sadek\\Desktop\\dosier openclassroom\\concepteur\\p14\\HRnet\\src\\helpers\\features\\employeeSlice.ts": {"path":"C:\\Users\\sadek\\Desktop\\dosier openclassroom\\concepteur\\p14\\HRnet\\src\\helpers\\features\\employeeSlice.ts","statementMap":{"0":{"start":{"line":1,"column":0},"end":{"line":1,"column":62}},"1":{"start":{"line":11,"column":36},"end":{"line":13,"column":2}},"2":{"start":{"line":15,"column":22},"end":{"line":23,"column":2}},"3":{"start":{"line":20,"column":6},"end":{"line":20,"column":44}},"4":{"start":{"line":25,"column":15},"end":{"line":25,"column":58}},"5":{"start":{"line":26,"column":0},"end":{"line":26,"column":37}},"6":{"start":{"line":28,"column":31},"end":{"line":28,"column":95}},"7":{"start":{"line":28,"column":71},"end":{"line":28,"column":95}},"8":{"start":{"line":28,"column":13},"end":{"line":28,"column":31}}},"fnMap":{"0":{"name":"(anonymous_0)","decl":{"start":{"line":19,"column":22},"end":{"line":19,"column":23}},"loc":{"start":{"line":19,"column":69},"end":{"line":21,"column":5}}},"1":{"name":"(anonymous_1)","decl":{"start":{"line":28,"column":31},"end":{"line":28,"column":32}},"loc":{"start":{"line":28,"column":71},"end":{"line":28,"column":95}}}},"branchMap":{},"s":{"0":1,"1":1,"2":1,"3":0,"4":1,"5":1,"6":1,"7":0,"8":1},"f":{"0":0,"1":0},"b":{}}
,"C:\\Users\\sadek\\Desktop\\dosier openclassroom\\concepteur\\p14\\HRnet\\src\\pages\\home\\index.tsx": {"path":"C:\\Users\\sadek\\Desktop\\dosier openclassroom\\concepteur\\p14\\HRnet\\src\\pages\\home\\index.tsx","statementMap":{"0":{"start":{"line":8,"column":0},"end":{"line":8,"column":45}},"1":{"start":{"line":9,"column":0},"end":{"line":9,"column":50}},"2":{"start":{"line":10,"column":0},"end":{"line":10,"column":21}},"3":{"start":{"line":11,"column":0},"end":{"line":11,"column":41}},"4":{"start":{"line":13,"column":13},"end":{"line":22,"column":1}},"5":{"start":{"line":14,"column":2},"end":{"line":21,"column":4}},"6":{"start":{"line":24,"column":0},"end":{"line":24,"column":20}}},"fnMap":{"0":{"name":"(anonymous_0)","decl":{"start":{"line":13,"column":13},"end":{"line":13,"column":16}},"loc":{"start":{"line":13,"column":18},"end":{"line":22,"column":1}}}},"branchMap":{},"s":{"0":1,"1":1,"2":1,"3":1,"4":1,"5":3,"6":1},"f":{"0":3},"b":{}}
}
