TN:
SF:src\store.ts
FN:18,(anonymous_0)
FNF:1
FNH:1
FNDA:1,(anonymous_0)
DA:1,1
DA:2,1
DA:3,1
DA:4,1
DA:5,1
DA:7,1
DA:12,1
DA:14,1
DA:19,1
DA:25,1
LF:10
LH:10
BRF:0
BRH:0
end_of_record
TN:
SF:src\components\button\index.tsx
FN:7,Button
FNF:1
FNH:0
FNDA:0,Button
DA:1,1
DA:8,0
DA:14,1
LF:3
LH:2
BRF:0
BRH:0
end_of_record
TN:
SF:src\components\datePickerComponent\index.tsx
FN:15,DatePickerComponent
FNF:1
FNH:0
FNDA:0,DatePickerComponent
DA:1,1
DA:2,1
DA:26,0
DA:44,1
LF:4
LH:3
BRF:0
BRH:0
end_of_record
TN:
SF:src\components\displayMessage\index.tsx
FN:13,(anonymous_0)
FNF:1
FNH:0
FNDA:0,(anonymous_0)
DA:11,1
DA:12,1
DA:13,1
DA:14,0
DA:23,1
LF:5
LH:4
BRF:0
BRH:0
end_of_record
TN:
SF:src\components\header\index.tsx
FN:5,Header
FNF:1
FNH:1
FNDA:2,Header
DA:1,1
DA:6,2
DA:8,1
LF:3
LH:3
BRF:0
BRH:0
end_of_record
TN:
SF:src\components\labeledInput\index.tsx
FN:8,LabeledInput
FNF:1
FNH:0
FNDA:0,LabeledInput
DA:1,1
DA:9,0
DA:23,1
LF:3
LH:2
BRF:0
BRH:0
end_of_record
TN:
SF:src\components\labeledSelect\index.tsx
FN:16,LabeledSelect
FNF:1
FNH:0
FNDA:0,LabeledSelect
DA:1,1
DA:2,1
DA:25,0
DA:41,1
LF:4
LH:3
BRF:0
BRH:0
end_of_record
TN:
SF:src\components\link\index.tsx
FN:15,(anonymous_0)
FNF:1
FNH:1
FNDA:2,(anonymous_0)
DA:8,1
DA:9,1
DA:15,1
DA:16,2
DA:23,1
LF:5
LH:5
BRF:0
BRH:0
end_of_record
TN:
SF:src\containers\form\index.tsx
FN:33,Form
FN:61,(anonymous_1)
FN:68,(anonymous_2)
FN:74,(anonymous_3)
FN:85,(anonymous_4)
FN:97,(anonymous_5)
FN:154,(anonymous_6)
FN:195,(anonymous_7)
FN:206,(anonymous_8)
FNF:9
FNH:1
FNDA:5,Form
FNDA:0,(anonymous_1)
FNDA:0,(anonymous_2)
FNDA:0,(anonymous_3)
FNDA:0,(anonymous_4)
FNDA:0,(anonymous_5)
FNDA:0,(anonymous_6)
FNDA:0,(anonymous_7)
FNDA:0,(anonymous_8)
DA:1,1
DA:2,1
DA:3,1
DA:4,1
DA:5,1
DA:6,1
DA:7,1
DA:8,1
DA:9,1
DA:10,1
DA:11,1
DA:12,1
DA:34,5
DA:35,4
DA:36,4
DA:37,4
DA:38,4
DA:40,4
DA:44,4
DA:49,4
DA:50,4
DA:52,4
DA:53,4
DA:55,4
DA:56,4
DA:61,4
DA:68,0
DA:74,0
DA:75,0
DA:79,0
DA:80,0
DA:82,0
DA:85,0
DA:86,0
DA:87,0
DA:88,0
DA:89,0
DA:90,0
DA:91,0
DA:92,0
DA:93,0
DA:94,0
DA:97,0
DA:98,0
DA:99,0
DA:100,0
DA:101,0
DA:102,0
DA:103,0
DA:104,0
DA:105,0
DA:106,0
DA:111,0
DA:112,0
DA:114,0
DA:129,0
DA:130,0
DA:131,0
DA:133,0
DA:135,0
DA:137,0
DA:139,0
DA:143,0
DA:147,0
DA:154,0
DA:155,0
DA:157,0
DA:158,0
DA:159,0
DA:160,0
DA:161,0
DA:162,0
DA:163,0
DA:164,0
DA:165,0
DA:166,0
DA:167,0
DA:171,0
DA:195,0
DA:206,0
DA:267,1
LF:81
LH:27
BRDA:79,0,0,0
BRDA:79,0,1,0
BRDA:79,1,0,0
BRDA:79,1,1,0
BRDA:111,2,0,0
BRDA:111,2,1,0
BRDA:157,3,0,0
BRDA:252,4,0,0
BRDA:252,4,1,0
BRF:9
BRH:0
end_of_record
TN:
SF:src\helpers\features\employeeSlice.ts
FN:19,(anonymous_0)
FN:28,(anonymous_1)
FNF:2
FNH:0
FNDA:0,(anonymous_0)
FNDA:0,(anonymous_1)
DA:1,1
DA:11,1
DA:15,1
DA:20,0
DA:25,1
DA:26,1
DA:28,1
LF:7
LH:6
BRF:0
BRH:0
end_of_record
TN:
SF:src\pages\home\index.tsx
FN:13,(anonymous_0)
FNF:1
FNH:1
FNDA:3,(anonymous_0)
DA:8,1
DA:9,1
DA:10,1
DA:11,1
DA:13,1
DA:14,3
DA:24,1
LF:7
LH:7
BRF:0
BRH:0
end_of_record
